
STAGE 1: EMU -> RF -> TCM
--- Listening on TCM (/dev/serial/by-id/usb-Espressif_USB_JTAG_serial_debug_unit_58:E6:C5:E6:77:28-if00) ---
[EMU SEND]: 55000707017af600ffffffff3003ffffffff00000a

STAGE 2: TCM -> RF -> EMU
--- Listening on EMU (/dev/serial/by-id/usb-Espressif_USB_JTAG_serial_debug_unit_58:E6:C5:E6:90:B0-if00) ---
[EMU RECV]: 55
[EMU RECV]: 00040033
[EMU RECV]: 32
[EMU RECV]: c69900014a
[TCM SEND]: 55000707017af600ffffffff3003ffffffff00000a
[EMU RECV]: 55
[EMU RECV]: 00
[EMU RECV]: 04003332c599000170
[EMU RECV]: 55
[EMU RECV]: 0004003332c599000170
[EMU RECV]: 55
[EMU RECV]: 0004003332c69900014a
[EMU RECV]: 55
[EMU RECV]: 0004003332c89a010126
[EMU RECV]: 55
[EMU RECV]: 0004003332c89a000133
[EMU RECV]: 55
[EMU RECV]: 0004003332c69900004d
[EMU RECV]: 55
[EMU RECV]: 0004003332c69901015f
[EMU RECV]: 55
[EMU RECV]: 0004003332c69900014a
[EMU RECV]: 55
[EMU RECV]: 0004003332c99b01015b
[EMU RECV]: 55
